<?xml version="1.0" encoding="UTF-8"?>
<!-- Generated by org.testng.reporters.JUnitReportReporter -->
<testsuite skipped="0" hostname="REACH-HARDs-MacBook-Pro.local" name="tests.BookFailedSpecialistAppointment" tests="1" failures="0" timestamp="2020-09-17T08:26:37 WAT" time="146.355" errors="0">
  <testcase name="testBookFailedSpecialistAppointments" time="146.355" classname="tests.BookFailedSpecialistAppointment"/>
  <system-out/>
</testsuite> <!-- tests.BookFailedSpecialistAppointment -->
