<?xml version="1.0" encoding="UTF-8"?>
<!-- Generated by org.testng.reporters.JUnitReportReporter -->
<testsuite skipped="0" hostname="REACH-HARDs-MacBook-Pro.local" name="tests.Doctors" tests="1" failures="0" timestamp="2020-09-17T07:19:31 WAT" time="72.300" errors="0">
  <testcase name="testDoctors" time="72.300" classname="tests.Doctors"/>
  <system-out/>
</testsuite> <!-- tests.Doctors -->
