<?xml version="1.0" encoding="UTF-8"?>
<!-- Generated by org.testng.reporters.JUnitReportReporter -->
<testsuite skipped="0" hostname="REACH-HARDs-MacBook-Pro.local" name="tests.BuildVersion" tests="1" failures="0" timestamp="2020-09-17T07:22:10 WAT" time="31.982" errors="0">
  <testcase name="testBuildVersion" time="31.982" classname="tests.BuildVersion"/>
  <system-out/>
</testsuite> <!-- tests.BuildVersion -->
