<?xml version="1.0" encoding="UTF-8"?>
<!-- Generated by org.testng.reporters.JUnitReportReporter -->
<testsuite skipped="0" hostname="REACH-HARDs-MacBook-Pro.local" name="tests.Homepages" tests="1" failures="0" timestamp="2020-09-17T07:01:04 WAT" time="104.977" errors="0">
  <testcase name="testHomepage" time="104.977" classname="tests.Homepages"/>
  <system-out/>
</testsuite> <!-- tests.Homepages -->
