<?xml version="1.0" encoding="UTF-8"?>
<!-- Generated by org.testng.reporters.JUnitReportReporter -->
<testsuite skipped="0" hostname="REACH-HARDs-MacBook-Pro.local" name="tests.WhoNeedsCare" tests="1" failures="0" timestamp="2020-09-17T07:54:47 WAT" time="26.608" errors="0">
  <testcase name="testNeedsCare" time="26.608" classname="tests.WhoNeedsCare"/>
  <system-out/>
</testsuite> <!-- tests.WhoNeedsCare -->
