<?xml version="1.0" encoding="UTF-8"?>
<!-- Generated by org.testng.reporters.JUnitReportReporter -->
<testsuite skipped="0" hostname="REACH-HARDs-MacBook-Pro.local" name="tests.UrgentAppointmentSymptoms" tests="1" failures="0" timestamp="2020-09-17T07:32:01 WAT" time="69.345" errors="0">
  <testcase name="testUrgentAppointmentSymptoms" time="69.345" classname="tests.UrgentAppointmentSymptoms"/>
  <system-out/>
</testsuite> <!-- tests.UrgentAppointmentSymptoms -->
