<?xml version="1.0" encoding="UTF-8"?>
<!-- Generated by org.testng.reporters.JUnitReportReporter -->
<testsuite skipped="0" hostname="REACH-HARDs-MacBook-Pro.local" name="tests.ChildBookUrgentAppointments" tests="1" failures="0" timestamp="2020-09-17T09:20:19 WAT" time="107.091" errors="0">
  <testcase name="testChildBookUrgentAppointment" time="107.091" classname="tests.ChildBookUrgentAppointments"/>
  <system-out/>
</testsuite> <!-- tests.ChildBookUrgentAppointments -->
