<?xml version="1.0" encoding="UTF-8"?>
<!-- Generated by org.testng.reporters.JUnitReportReporter -->
<testsuite skipped="0" hostname="REACH-HARDs-MacBook-Pro.local" name="tests.BookSpecialistAppointment" tests="1" failures="0" timestamp="2020-09-17T08:53:12 WAT" time="142.380" errors="0">
  <testcase name="testBookSpecialistAppointments" time="142.380" classname="tests.BookSpecialistAppointment"/>
  <system-out/>
</testsuite> <!-- tests.BookSpecialistAppointment -->
