<?xml version="1.0" encoding="UTF-8"?>
<!-- Generated by org.testng.reporters.JUnitReportReporter -->
<testsuite skipped="0" hostname="REACH-HARDs-MacBook-Pro.local" name="tests.ChildPastUpcomingAppointments" tests="1" failures="0" timestamp="2020-09-17T07:56:54 WAT" time="37.520" errors="0">
  <testcase name="testChildPastUpcomingAppts" time="37.520" classname="tests.ChildPastUpcomingAppointments"/>
  <system-out/>
</testsuite> <!-- tests.ChildPastUpcomingAppointments -->
