<?xml version="1.0" encoding="UTF-8"?>
<!-- Generated by org.testng.reporters.JUnitReportReporter -->
<testsuite skipped="0" hostname="REACH-HARDs-MacBook-Pro.local" name="tests.ChildMyHealth" tests="1" failures="0" timestamp="2020-09-17T08:02:39 WAT" time="241.225" errors="0">
  <testcase name="testMyHealth" time="241.225" classname="tests.ChildMyHealth"/>
  <system-out/>
</testsuite> <!-- tests.ChildMyHealth -->
