<?xml version="1.0" encoding="UTF-8"?>
<!-- Generated by org.testng.reporters.JUnitReportReporter -->
<testsuite skipped="0" hostname="REACH-HARDs-MacBook-Pro.local" name="tests.BookOthersSpecialistAppointment" tests="1" failures="0" timestamp="2020-09-17T08:41:19 WAT" time="151.139" errors="0">
  <testcase name="testBookOthersSpecialistAppointments" time="151.139" classname="tests.BookOthersSpecialistAppointment"/>
  <system-out/>
</testsuite> <!-- tests.BookOthersSpecialistAppointment -->
