<?xml version="1.0" encoding="UTF-8"?>
<!-- Generated by org.testng.reporters.JUnitReportReporter -->
<testsuite skipped="0" hostname="REACH-HARDs-MacBook-Pro.local" name="tests.PastUpcomingAppointments" tests="1" failures="0" timestamp="2020-09-17T07:30:43 WAT" time="52.840" errors="0">
  <testcase name="testPastUpcomingAppts" time="52.840" classname="tests.PastUpcomingAppointments"/>
  <system-out/>
</testsuite> <!-- tests.PastUpcomingAppointments -->
