<?xml version="1.0" encoding="UTF-8"?>
<!-- Generated by org.testng.reporters.JUnitReportReporter -->
<testsuite skipped="0" hostname="REACH-HARDs-MacBook-Pro.local" name="tests.BookSpecialistFreeAppointment" tests="1" failures="0" timestamp="2020-09-17T09:01:21 WAT" time="109.597" errors="0">
  <testcase name="testBookFreeSpecialistAppointments" time="109.597" classname="tests.BookSpecialistFreeAppointment"/>
  <system-out/>
</testsuite> <!-- tests.BookSpecialistFreeAppointment -->
