<?xml version="1.0" encoding="UTF-8"?>
<!-- Generated by org.testng.reporters.JUnitReportReporter -->
<testsuite skipped="0" hostname="REACH-HARDs-MacBook-Pro.local" name="tests.BookUrgentAppointments" tests="1" failures="0" timestamp="2020-09-17T09:07:37 WAT" time="105.861" errors="0">
  <testcase name="testBookUrgentAppointment" time="105.861" classname="tests.BookUrgentAppointments"/>
  <system-out/>
</testsuite> <!-- tests.BookUrgentAppointments -->
