<?xml version="1.0" encoding="UTF-8"?>
<!-- Generated by org.testng.reporters.JUnitReportReporter -->
<testsuite skipped="0" hostname="REACH-HARDs-MacBook-Pro.local" name="tests.UrgentQuestionsAnswers" tests="1" failures="0" timestamp="2020-09-17T07:53:22 WAT" time="102.256" errors="0">
  <testcase name="testUrgentAppointmentQuestions" time="102.256" classname="tests.UrgentQuestionsAnswers"/>
  <system-out/>
</testsuite> <!-- tests.UrgentQuestionsAnswers -->
