<?xml version="1.0" encoding="UTF-8"?>
<!-- Generated by org.testng.reporters.JUnitReportReporter -->
<testsuite skipped="0" hostname="REACH-HARDs-MacBook-Pro.local" name="tests.MyProfile" tests="1" failures="0" timestamp="2020-09-17T07:29:09 WAT" time="108.871" errors="0">
  <testcase name="testMyProfile" time="108.871" classname="tests.MyProfile"/>
  <system-out/>
</testsuite> <!-- tests.MyProfile -->
