<?xml version="1.0" encoding="UTF-8"?>
<!-- Generated by org.testng.reporters.JUnitReportReporter -->
<testsuite skipped="0" hostname="REACH-HARDs-MacBook-Pro.local" name="tests.ChildBookSpecialistAppointment" tests="1" failures="0" timestamp="2020-09-17T09:16:01 WAT" time="143.380" errors="0">
  <testcase name="testChildBookSpecialistAppointments" time="143.380" classname="tests.ChildBookSpecialistAppointment"/>
  <system-out/>
</testsuite> <!-- tests.ChildBookSpecialistAppointment -->
